Exporter version: 2.93.4, Blender version: 3.0.0
========= Conversion from Blender to Babylon.js =========
	Scene settings used :
		Inline textures     :  false
		Material Type       :  PBR
		Positions Precision :  4
		Normals Precision   :  3
		UVs Precision       :  3
		Vert Color Precision:  3
		Mat Weight Precision:  2
		Keep Z-up r-handed  :  no
		Texture directory   :  D:\wamp64\www\beta\atlantide\v8_panels\babylon\
	Python World class constructor completed
	WARNING: The following object (type - CURVE) is not currently exportable thus ignored: BezierCircle
	processing begun of camera (UniversalCamera):  Camera
	processing begun of mesh:  atlantide
		processing begun of material:  material_0
		processing begun of material:  material_8
			processing texture _00
				texture type:  diffuseTexture, mapped using: "UVMap"
			processing texture _01
				texture type:  diffuseTexture, mapped using: "UVMap"
		processing begun of multimaterial:  atlantide6.Multimaterial#0
		Custom split normals with tangents being used
		num positions      :  1776
		num normals        :  1776
		num tangents       :  7104
		num uvs            :  3552
		num uvs2           :  0
		num colors         :  0
		num triangles      :  768
	processing begun of mesh:  fishes1
		animation processing begun
			processing action fishes1Action.001:  in[1 - 250], out[0 - 250]
		processing begun of material:  material_2
		processing begun of material:  material_7
			processing texture _03
				texture type:  diffuseTexture, mapped using: "UVMap"
			processing texture _04
				texture type:  diffuseTexture, mapped using: "UVMap"
		processing begun of multimaterial:  atlantide6.Multimaterial#1
		Custom split normals with tangents being used
		num positions      :  412
		num normals        :  412
		num tangents       :  1648
		num uvs            :  824
		num uvs2           :  0
		num colors         :  0
		num triangles      :  192
	processing begun of mesh:  fishes2
		animation processing begun
			processing action fishes2Action:  in[1 - 250], out[0 - 250]
		processing begun of material:  material_2
		processing begun of material:  material_7
		registered as also a user of material:  material_2
		registered as also a user of material:  material_7
		processing begun of multimaterial:  atlantide6.Multimaterial#2
		Custom split normals with tangents being used
		num positions      :  412
		num normals        :  412
		num tangents       :  1648
		num uvs            :  824
		num uvs2           :  0
		num colors         :  0
		num triangles      :  192
	processing begun of mesh:  mantaRay
		animation processing begun
			processing action Action.002:  in[0 - 250], out[0 - 250]
		processing begun of material:  material_2
		processing begun of material:  material_7
		registered as also a user of material:  material_2
		registered as also a user of material:  material_7
		processing begun of multimaterial:  atlantide6.Multimaterial#3
		Custom split normals with tangents being used
		num positions      :  759
		num normals        :  759
		num tangents       :  3036
		num uvs            :  1518
		num uvs2           :  0
		num colors         :  0
		num triangles      :  354
	processing begun of mesh:  rock
		processing begun of material:  material_0
		registered as also a user of material:  material_0
		Custom split normals with tangents being used
		num positions      :  83
		num normals        :  83
		num tangents       :  332
		num uvs            :  166
		num uvs2           :  0
		num colors         :  0
		num triangles      :  36
	processing begun of mesh:  bubble1
		animation processing begun
			processing action bubble1Action:  in[0 - 250], out[0 - 250]
		processing begun of material:  material_9
			processing texture _07
				texture type:  diffuseTexture, mapped using: "UVMap"
		Custom split normals with tangents being used
		num positions      :  84
		num normals        :  84
		num tangents       :  336
		num uvs            :  168
		num uvs2           :  0
		num colors         :  0
		num triangles      :  36
	processing begun of mesh:  bubble2
		animation processing begun
			processing action bubble2Action:  in[0 - 250], out[0 - 250]
		processing begun of material:  material_9
		registered as also a user of material:  material_9
		Custom split normals with tangents being used
		num positions      :  84
		num normals        :  84
		num tangents       :  336
		num uvs            :  168
		num uvs2           :  0
		num colors         :  0
		num triangles      :  36
	processing begun of mesh:  bubble3
		animation processing begun
			processing action bubble3Action:  in[0 - 250], out[0 - 250]
		processing begun of material:  material_9
		registered as also a user of material:  material_9
		Custom split normals with tangents being used
		num positions      :  84
		num normals        :  84
		num tangents       :  336
		num uvs            :  168
		num uvs2           :  0
		num colors         :  0
		num triangles      :  36
	processing begun of mesh:  bubble4
		animation processing begun
			processing action bubble4Action:  in[0 - 250], out[0 - 250]
		processing begun of material:  material_9
		registered as also a user of material:  material_9
		Custom split normals with tangents being used
		num positions      :  84
		num normals        :  84
		num tangents       :  336
		num uvs            :  168
		num uvs2           :  0
		num colors         :  0
		num triangles      :  36
	processing begun of mesh:  bubble5
		animation processing begun
			processing action bubble5Action:  in[0 - 250], out[0 - 250]
		processing begun of material:  material_9
		registered as also a user of material:  material_9
		Custom split normals with tangents being used
		num positions      :  84
		num normals        :  84
		num tangents       :  336
		num uvs            :  168
		num uvs2           :  0
		num colors         :  0
		num triangles      :  36
	processing begun of mesh:  bubble6
		animation processing begun
			processing action bubble6Action:  in[0 - 250], out[0 - 250]
		processing begun of material:  material_9
		registered as also a user of material:  material_9
		Custom split normals with tangents being used
		num positions      :  84
		num normals        :  84
		num tangents       :  336
		num uvs            :  168
		num uvs2           :  0
		num colors         :  0
		num triangles      :  36
	processing begun of mesh:  bubble7
		animation processing begun
			processing action bubble7Action:  in[0 - 250], out[0 - 250]
		processing begun of material:  material_9
		registered as also a user of material:  material_9
		Custom split normals with tangents being used
		num positions      :  84
		num normals        :  84
		num tangents       :  336
		num uvs            :  168
		num uvs2           :  0
		num colors         :  0
		num triangles      :  36
	processing begun of mesh:  bubble8
		animation processing begun
			processing action bubble8Action:  in[0 - 250], out[0 - 250]
		processing begun of material:  material_9
		registered as also a user of material:  material_9
		Custom split normals with tangents being used
		num positions      :  84
		num normals        :  84
		num tangents       :  336
		num uvs            :  168
		num uvs2           :  0
		num colors         :  0
		num triangles      :  36
	processing begun of mesh:  bubble9
		animation processing begun
			processing action bubble9Action:  in[1 - 250], out[0 - 250]
		processing begun of material:  material_9
		registered as also a user of material:  material_9
		Custom split normals with tangents being used
		num positions      :  84
		num normals        :  84
		num tangents       :  336
		num uvs            :  168
		num uvs2           :  0
		num colors         :  0
		num triangles      :  36
	processing begun of mesh:  bubble10
		animation processing begun
			processing action bubble10Action:  in[0 - 250], out[0 - 250]
		processing begun of material:  material_9
		registered as also a user of material:  material_9
		Custom split normals with tangents being used
		num positions      :  84
		num normals        :  84
		num tangents       :  336
		num uvs            :  168
		num uvs2           :  0
		num colors         :  0
		num triangles      :  36
	processing begun of mesh:  bookSupport
		processing begun of material:  material_3
			processing texture _09
				texture type:  diffuseTexture, mapped using: "UVMap"
		Custom split normals with tangents being used
		num positions      :  45
		num normals        :  45
		num tangents       :  180
		num uvs            :  90
		num uvs2           :  0
		num colors         :  0
		num triangles      :  24
	processing begun of mesh:  goldenBook
		processing begun of material:  material_1
		processing begun of material:  material_4
		processing begun of material:  material_5
		processing begun of material:  material_6
		processing begun of multimaterial:  atlantide6.Multimaterial#4
		Custom split normals with tangents being used
		num positions      :  60
		num normals        :  60
		num tangents       :  240
		num uvs            :  120
		num uvs2           :  0
		num colors         :  0
		num triangles      :  36
	processing begun of mesh:  informationPanel1
		processing begun of material:  material_0
		processing begun of material:  material_2
		registered as also a user of material:  material_0
		registered as also a user of material:  material_2
		processing begun of multimaterial:  atlantide6.Multimaterial#5
		Custom split normals with tangents being used
		num positions      :  132
		num normals        :  132
		num tangents       :  528
		num uvs            :  264
		num uvs2           :  0
		num colors         :  0
		num triangles      :  80
	processing begun of mesh:  informationPanel1Url
		processing begun of material:  arbres
			processing texture arbres
				texture type:  diffuseTexture, mapped using: "UVMap"
		Custom split normals with tangents being used
		num positions      :  9
		num normals        :  9
		num tangents       :  36
		num uvs            :  18
		num uvs2           :  0
		num colors         :  0
		num triangles      :  4
	processing begun of mesh:  informationPanel2
		mesh is an instance of :  informationPanel1.  Processing halted.
	processing begun of mesh:  informationPanel2Url
		processing begun of material:  enfer
			processing texture halloween
				texture type:  diffuseTexture, mapped using: "UVMap"
		Custom split normals with tangents being used
		num positions      :  9
		num normals        :  9
		num tangents       :  36
		num uvs            :  18
		num uvs2           :  0
		num colors         :  0
		num triangles      :  4
	processing begun of mesh:  palace
		processing begun of material:  material_0
		processing begun of material:  material_2
		processing begun of material:  material_7
		registered as also a user of material:  material_0
		registered as also a user of material:  material_2
		registered as also a user of material:  material_7
		processing begun of multimaterial:  atlantide6.Multimaterial#6
		Custom split normals with tangents being used
		num positions      :  364
		num normals        :  364
		num tangents       :  1456
		num uvs            :  728
		num uvs2           :  0
		num colors         :  0
		num triangles      :  296
	processing begun of mesh:  crystals
		processing begun of material:  material_11
			processing texture _06
				texture type:  diffuseTexture, mapped using: "UVMap"
		Custom split normals with tangents being used
		num positions      :  570
		num normals        :  570
		num tangents       :  2280
		num uvs            :  1140
		num uvs2           :  0
		num colors         :  0
		num triangles      :  346
	processing begun of mesh:  windows1
		processing begun of material:  material_10
			processing texture _05
				texture type:  diffuseTexture, mapped using: "UVMap"
		Custom split normals with tangents being used
		num positions      :  43
		num normals        :  43
		num tangents       :  172
		num uvs            :  86
		num uvs2           :  0
		num colors         :  0
		num triangles      :  40
	processing begun of mesh:  windows2
		processing begun of material:  material_10
		registered as also a user of material:  material_10
		Custom split normals with tangents being used
		num positions      :  43
		num normals        :  43
		num tangents       :  172
		num uvs            :  86
		num uvs2           :  0
		num colors         :  0
		num triangles      :  40
	processing begun of mesh:  windows3
		processing begun of material:  material_10
		registered as also a user of material:  material_10
		Custom split normals with tangents being used
		num positions      :  43
		num normals        :  43
		num tangents       :  172
		num uvs            :  86
		num uvs2           :  0
		num colors         :  0
		num triangles      :  40
	processing begun of mesh:  windows4
		processing begun of material:  material_10
		registered as also a user of material:  material_10
		Custom split normals with tangents being used
		num positions      :  36
		num normals        :  36
		num tangents       :  144
		num uvs            :  72
		num uvs2           :  0
		num colors         :  0
		num triangles      :  34
	processing begun of mesh:  windows5
		processing begun of material:  material_10
		registered as also a user of material:  material_10
		Custom split normals with tangents being used
		num positions      :  43
		num normals        :  43
		num tangents       :  172
		num uvs            :  86
		num uvs2           :  0
		num colors         :  0
		num triangles      :  40
	processing begun of mesh:  windows6
		processing begun of material:  material_10
		registered as also a user of material:  material_10
		Custom split normals with tangents being used
		num positions      :  43
		num normals        :  43
		num tangents       :  172
		num uvs            :  86
		num uvs2           :  0
		num colors         :  0
		num triangles      :  40
	processing begun of mesh:  whale
		animation processing begun
			processing action Action:  in[0 - 250], out[0 - 250]
		processing begun of material:  material_2
		processing begun of material:  material_6
		processing begun of material:  material_7
		registered as also a user of material:  material_2
		registered as also a user of material:  material_6
		registered as also a user of material:  material_7
		processing begun of multimaterial:  atlantide6.Multimaterial#7
		Custom split normals with tangents being used
		num positions      :  335
		num normals        :  335
		num tangents       :  1340
		num uvs            :  670
		num uvs2           :  0
		num colors         :  0
		num triangles      :  171
	processing begun of mesh:  whaleFlipper
		animation processing begun
			processing action Action.001:  in[0 - 250], out[0 - 250]
		processing begun of material:  material_2
		processing begun of material:  material_7
		registered as also a user of material:  material_2
		registered as also a user of material:  material_7
		processing begun of multimaterial:  atlantide6.Multimaterial#8
		Custom split normals with tangents being used
		num positions      :  226
		num normals        :  226
		num tangents       :  904
		num uvs            :  452
		num uvs2           :  0
		num colors         :  0
		num triangles      :  108
	processing begun of light (POINT):  Light
========= Writing of JSON file started =========
	writing mesh:  atlantide
	writing mesh:  fishes1
	writing mesh:  fishes2
	writing mesh:  mantaRay
	writing mesh:  rock
	writing mesh:  bubble1
	writing mesh:  bubble2
	writing mesh:  bubble3
	writing mesh:  bubble4
	writing mesh:  bubble5
	writing mesh:  bubble6
	writing mesh:  bubble7
	writing mesh:  bubble8
	writing mesh:  bubble9
	writing mesh:  bubble10
	writing mesh:  bookSupport
	writing mesh:  goldenBook
	writing mesh:  informationPanel1
	writing mesh:  informationPanel1Url
	writing mesh:  informationPanel2Url
	writing mesh:  palace
	writing mesh:  crystals
	writing mesh:  windows1
	writing mesh:  windows2
	writing mesh:  windows3
	writing mesh:  windows4
	writing mesh:  windows5
	writing mesh:  windows6
	writing mesh:  whale
	writing mesh:  whaleFlipper
========= Writing of JSON file completed =========
========= end of processing =========
elapsed time:  0 min, 0.909 secs
