Exporter version: 2.80.1, Blender version: 2.91.0
========= Conversion from Blender to Babylon.js =========
	Scene settings used :
		Inline textures     :  false
		Material Type       :  PBR
		Positions Precision :  4
		Normals Precision   :  3
		UVs Precision       :  3
		Vert Color Precision:  3
		Mat Weight Precision:  2
		Keep Z-up r-handed  :  no
		Texture directory   :  C:\wamp64\www\mondesvirtuels\arbres\v5_instances\
	Python World class constructor completed
	WARNING: No active camera has been assigned, or is not in a currently selected Blender layer
	processing begun of mesh:  stump
		processing begun of material:  Material.001
		num positions      :  86
		num normals        :  86
		num tangents       :  0
		num uvs            :  172
		num uvs2           :  0
		num colors         :  0
		num triangles      :  32
========= Writing of JSON file started =========
	writing mesh:  stump
========= Writing of JSON file completed =========
========= end of processing =========
elapsed time:  0 min, 0.1177 secs
