Exporter version: 2.80.1, Blender version: 2.91.0
========= Conversion from Blender to Babylon.js =========
	Scene settings used :
		Inline textures     :  false
		Material Type       :  PBR
		Positions Precision :  4
		Normals Precision   :  3
		UVs Precision       :  3
		Vert Color Precision:  3
		Mat Weight Precision:  2
		Keep Z-up r-handed  :  no
		Texture directory   :  C:\wamp64\www\mondesvirtuels\arbres\v5_instances\
	Python World class constructor completed
	WARNING: No active camera has been assigned, or is not in a currently selected Blender layer
	processing begun of mesh:  tree
		processing begun of material:  woodBark
		processing begun of material:  stumpGround
		processing begun of material:  leaves
			processing texture _04
				texture type:  diffuseTexture, mapped using: "UVMap"
			processing texture _07
				texture type:  diffuseTexture, mapped using: "UVMap"
			processing texture _09
				texture type:  diffuseTexture, mapped using: "UVMap"
		processing begun of multimaterial:  tree2.Multimaterial#0
		Custom split normals with tangents being used
		num positions      :  308
		num normals        :  308
		num tangents       :  1232
		num uvs            :  616
		num uvs2           :  0
		num colors         :  0
		num triangles      :  160
========= Writing of JSON file started =========
	writing mesh:  tree
========= Writing of JSON file completed =========
========= end of processing =========
elapsed time:  0 min, 0.0398 secs
